#
# There is insufficient memory for the Java Runtime Environment to continue.
# Native memory allocation (mmap) failed to map 260046848 bytes for committing reserved memory.
# Possible reasons:
#   The system is out of physical RAM or swap space
#   In 32 bit mode, the process size limit was hit
# Possible solutions:
#   Reduce memory load on the system
#   Increase physical memory or swap space
#   Check if swap backing store is full
#   Use 64 bit Java on a 64 bit OS
#   Decrease Java heap size (-Xmx/-Xms)
#   Decrease number of Java threads
#   Decrease Java thread stack sizes (-Xss)
#   Set larger code cache with -XX:ReservedCodeCacheSize=
# This output file may be truncated or incomplete.
#
#  Out of Memory Error (os_linux.cpp:2640), pid=11867, tid=0x00007f458aaf2700
#
# JRE version: OpenJDK Runtime Environment (8.0_162-b01) (build 1.8.0_162-b01)
# Java VM: OpenJDK 64-Bit Server VM (25.162-b01 mixed mode linux-amd64 compressed oops)
# Core dump written. Default location: /home/seth/exercism/java/prime-factors/core or core.11867
#

---------------  T H R E A D  ---------------

Current thread (0x00007f45a8079000):  VMThread [stack: 0x00007f458a9f3000,0x00007f458aaf3000] [id=11878]

Stack: [0x00007f458a9f3000,0x00007f458aaf3000],  sp=0x00007f458aaf1480,  free space=1017k
Native frames: (J=compiled Java code, j=interpreted, Vv=VM code, C=native code)
V  [libjvm.so+0xaa8252]
V  [libjvm.so+0x4d9717]
V  [libjvm.so+0x8e4280]
V  [libjvm.so+0x8de82e]
V  [libjvm.so+0x95ee46]
V  [libjvm.so+0x9601b8]
V  [libjvm.so+0x95c7b6]
V  [libjvm.so+0x95cb4c]
V  [libjvm.so+0x90b438]
V  [libjvm.so+0xaa9f02]
V  [libjvm.so+0xaaf0a6]
V  [libjvm.so+0xaac7f1]
V  [libjvm.so+0xaadc93]
V  [libjvm.so+0xaae077]
V  [libjvm.so+0x8e16f2]

VM_Operation (0x00007f4589c205a0): ParallelGCFailedAllocation, mode: safepoint, requested by thread 0x00007f45a838b000


---------------  P R O C E S S  ---------------

Java Threads: ( => current thread )
  0x00007f45a83d8000 JavaThread "/0:0:0:0:0:0:0:1:33406 to /0:0:0:0:0:0:0:1:39315 workers Thread 3" [_thread_in_native, id=11893, stack(0x00007f4589921000,0x00007f4589a22000)]
  0x00007f45a83d9800 JavaThread "/0:0:0:0:0:0:0:1:33406 to /0:0:0:0:0:0:0:1:39315 workers Thread 2" [_thread_blocked, id=11892, stack(0x00007f4589a22000,0x00007f4589b23000)]
  0x00007f45a838b000 JavaThread "Test worker" [_thread_blocked, id=11891, stack(0x00007f4589b23000,0x00007f4589c24000)]
  0x00007f45a8119000 JavaThread "Service Thread" daemon [_thread_blocked, id=11885, stack(0x00007f458a150000,0x00007f458a251000)]
  0x00007f45a8105800 JavaThread "C1 CompilerThread2" daemon [_thread_blocked, id=11884, stack(0x00007f458a252000,0x00007f458a352000)]
  0x00007f45a8103800 JavaThread "C2 CompilerThread1" daemon [_thread_blocked, id=11883, stack(0x00007f458a353000,0x00007f458a453000)]
  0x00007f45a8100800 JavaThread "C2 CompilerThread0" daemon [_thread_blocked, id=11882, stack(0x00007f458a454000,0x00007f458a554000)]
  0x00007f45a8103000 JavaThread "Signal Dispatcher" daemon [_thread_blocked, id=11881, stack(0x00007f458a554000,0x00007f458a655000)]
  0x00007f45a8085000 JavaThread "Finalizer" daemon [_thread_blocked, id=11880, stack(0x00007f458a7f0000,0x00007f458a8f1000)]
  0x00007f45a8080800 JavaThread "Reference Handler" daemon [_thread_blocked, id=11879, stack(0x00007f458a8f1000,0x00007f458a9f2000)]
  0x00007f45a800b000 JavaThread "main" [_thread_blocked, id=11869, stack(0x00007f45af5e3000,0x00007f45af6e3000)]

Other Threads:
=>0x00007f45a8079000 VMThread [stack: 0x00007f458a9f3000,0x00007f458aaf3000] [id=11878]
  0x00007f45a811b800 WatcherThread [stack: 0x00007f458a050000,0x00007f458a150000] [id=11886]

VM state:at safepoint (normal execution)

VM Mutex/Monitor currently owned by a thread:  ([mutex/lock_event])
[0x00007f45a8007b30] Threads_lock - owner thread: 0x00007f45a8079000
[0x00007f45a8008030] Heap_lock - owner thread: 0x00007f45a838b000

Heap:
 PSYoungGen      total 257536K, used 64K [0x00000000d6f00000, 0x00000000e6e00000, 0x0000000100000000)
  eden space 253952K, 0% used [0x00000000d6f00000,0x00000000d6f00000,0x00000000e6700000)
  from space 3584K, 1% used [0x00000000e6700000,0x00000000e6710000,0x00000000e6a80000)
  to   space 3584K, 0% used [0x00000000e6a80000,0x00000000e6a80000,0x00000000e6e00000)
 ParOldGen       total 84992K, used 1684K [0x0000000084c00000, 0x0000000089f00000, 0x00000000d6f00000)
  object space 84992K, 1% used [0x0000000084c00000,0x0000000084da51a0,0x0000000089f00000)
 Metaspace       used 8124K, capacity 8310K, committed 8576K, reserved 1056768K
  class space    used 1019K, capacity 1111K, committed 1152K, reserved 1048576K

Card table byte_map: [0x00007f4598c25000,0x00007f4599000000] byte_map_base: 0x00007f45987ff000

Marking Bits: (ParMarkBitMap*) 0x00007f45ae8d60c0
 Begin Bits: [0x00007f4590260000, 0x00007f4592130000)
 End Bits:   [0x00007f4592130000, 0x00007f4594000000)

Polling page: 0x00007f45af715000

CodeCache: size=245760Kb used=2724Kb max_used=2724Kb free=243035Kb
 bounds [0x00007f4599000000, 0x00007f45992b0000, 0x00007f45a8000000]
 total_blobs=997 nmethods=684 adapters=228
 compilation: enabled

Compilation events (10 events):
Event: 0.468 Thread 0x00007f45a8105800  684       3       org.gradle.internal.serialize.ExceptionReplacingObjectOutputStream::replaceObject (11 bytes)
Event: 0.468 Thread 0x00007f45a8105800 nmethod 684 0x00007f45992a90d0 code [0x00007f45992a9240, 0x00007f45992a9468]
Event: 0.468 Thread 0x00007f45a8105800  651       3       sun.misc.VM::addFinalRefCount (24 bytes)
Event: 0.468 Thread 0x00007f45a8105800 nmethod 651 0x00007f45992a9550 code [0x00007f45992a96c0, 0x00007f45992a9870]
Event: 0.468 Thread 0x00007f45a8105800  648       3       java.util.HashMap::<init> (11 bytes)
Event: 0.468 Thread 0x00007f45a8105800 nmethod 648 0x00007f45992a98d0 code [0x00007f45992a9a40, 0x00007f45992a9c50]
Event: 0.468 Thread 0x00007f45a8105800  647       1       java.io.ObjectStreamField::getField (5 bytes)
Event: 0.468 Thread 0x00007f45a8105800 nmethod 647 0x00007f45992a9d50 code [0x00007f45992a9ea0, 0x00007f45992a9fb0]
Event: 0.468 Thread 0x00007f45a8105800  646       1       java.lang.reflect.Field::getType (5 bytes)
Event: 0.468 Thread 0x00007f45a8105800 nmethod 646 0x00007f45992aa010 code [0x00007f45992aa160, 0x00007f45992aa270]

GC Heap History (10 events):
Event: 0.456 GC heap after
Heap after GC invocations=2 (full 0):
 PSYoungGen      total 68608K, used 1744K [0x00000000d6f00000, 0x00000000db700000, 0x0000000100000000)
  eden space 63488K, 0% used [0x00000000d6f00000,0x00000000d6f00000,0x00000000dad00000)
  from space 5120K, 34% used [0x00000000db200000,0x00000000db3b4030,0x00000000db700000)
  to   space 5120K, 0% used [0x00000000dad00000,0x00000000dad00000,0x00000000db200000)
 ParOldGen       total 84992K, used 16K [0x0000000084c00000, 0x0000000089f00000, 0x00000000d6f00000)
  object space 84992K, 0% used [0x0000000084c00000,0x0000000084c04000,0x0000000089f00000)
 Metaspace       used 8114K, capacity 8310K, committed 8576K, reserved 1056768K
  class space    used 1019K, capacity 1111K, committed 1152K, reserved 1048576K
}
Event: 0.509 GC heap before
{Heap before GC invocations=3 (full 0):
 PSYoungGen      total 68608K, used 65232K [0x00000000d6f00000, 0x00000000db700000, 0x0000000100000000)
  eden space 63488K, 100% used [0x00000000d6f00000,0x00000000dad00000,0x00000000dad00000)
  from space 5120K, 34% used [0x00000000db200000,0x00000000db3b4030,0x00000000db700000)
  to   space 5120K, 0% used [0x00000000dad00000,0x00000000dad00000,0x00000000db200000)
 ParOldGen       total 84992K, used 16K [0x0000000084c00000, 0x0000000089f00000, 0x00000000d6f00000)
  object space 84992K, 0% used [0x0000000084c00000,0x0000000084c04000,0x0000000089f00000)
 Metaspace       used 8124K, capacity 8310K, committed 8576K, reserved 1056768K
  class space    used 1019K, capacity 1111K, committed 1152K, reserved 1048576K
Event: 0.511 GC heap after
Heap after GC invocations=3 (full 0):
 PSYoungGen      total 68608K, used 1712K [0x00000000d6f00000, 0x00000000df500000, 0x0000000100000000)
  eden space 63488K, 0% used [0x00000000d6f00000,0x00000000d6f00000,0x00000000dad00000)
  from space 5120K, 33% used [0x00000000dad00000,0x00000000daeac050,0x00000000db200000)
  to   space 5120K, 0% used [0x00000000df000000,0x00000000df000000,0x00000000df500000)
 ParOldGen       total 84992K, used 24K [0x0000000084c00000, 0x0000000089f00000, 0x00000000d6f00000)
  object space 84992K, 0% used [0x0000000084c00000,0x0000000084c06000,0x0000000089f00000)
 Metaspace       used 8124K, capacity 8310K, committed 8576K, reserved 1056768K
  class space    used 1019K, capacity 1111K, committed 1152K, reserved 1048576K
}
Event: 0.545 GC heap before
{Heap before GC invocations=4 (full 0):
 PSYoungGen      total 68608K, used 65200K [0x00000000d6f00000, 0x00000000df500000, 0x0000000100000000)
  eden space 63488K, 100% used [0x00000000d6f00000,0x00000000dad00000,0x00000000dad00000)
  from space 5120K, 33% used [0x00000000dad00000,0x00000000daeac050,0x00000000db200000)
  to   space 5120K, 0% used [0x00000000df000000,0x00000000df000000,0x00000000df500000)
 ParOldGen       total 84992K, used 24K [0x0000000084c00000, 0x0000000089f00000, 0x00000000d6f00000)
  object space 84992K, 0% used [0x0000000084c00000,0x0000000084c06000,0x0000000089f00000)
 Metaspace       used 8124K, capacity 8310K, committed 8576K, reserved 1056768K
  class space    used 1019K, capacity 1111K, committed 1152K, reserved 1048576K
Event: 0.546 GC heap after
Heap after GC invocations=4 (full 0):
 PSYoungGen      total 132096K, used 1744K [0x00000000d6f00000, 0x00000000df500000, 0x0000000100000000)
  eden space 126976K, 0% used [0x00000000d6f00000,0x00000000d6f00000,0x00000000deb00000)
  from space 5120K, 34% used [0x00000000df000000,0x00000000df1b4010,0x00000000df500000)
  to   space 5120K, 0% used [0x00000000deb00000,0x00000000deb00000,0x00000000df000000)
 ParOldGen       total 84992K, used 24K [0x0000000084c00000, 0x0000000089f00000, 0x00000000d6f00000)
  object space 84992K, 0% used [0x0000000084c00000,0x0000000084c06000,0x0000000089f00000)
 Metaspace       used 8124K, capacity 8310K, committed 8576K, reserved 1056768K
  class space    used 1019K, capacity 1111K, committed 1152K, reserved 1048576K
}
Event: 0.647 GC heap before
{Heap before GC invocations=5 (full 0):
 PSYoungGen      total 132096K, used 128720K [0x00000000d6f00000, 0x00000000df500000, 0x0000000100000000)
  eden space 126976K, 100% used [0x00000000d6f00000,0x00000000deb00000,0x00000000deb00000)
  from space 5120K, 34% used [0x00000000df000000,0x00000000df1b4010,0x00000000df500000)
  to   space 5120K, 0% used [0x00000000deb00000,0x00000000deb00000,0x00000000df000000)
 ParOldGen       total 84992K, used 24K [0x0000000084c00000, 0x0000000089f00000, 0x00000000d6f00000)
  object space 84992K, 0% used [0x0000000084c00000,0x0000000084c06000,0x0000000089f00000)
 Metaspace       used 8124K, capacity 8310K, committed 8576K, reserved 1056768K
  class space    used 1019K, capacity 1111K, committed 1152K, reserved 1048576K
Event: 0.650 GC heap after
Heap after GC invocations=5 (full 0):
 PSYoungGen      total 132096K, used 1744K [0x00000000d6f00000, 0x00000000e6e00000, 0x0000000100000000)
  eden space 126976K, 0% used [0x00000000d6f00000,0x00000000d6f00000,0x00000000deb00000)
  from space 5120K, 34% used [0x00000000deb00000,0x00000000decb4030,0x00000000df000000)
  to   space 3584K, 0% used [0x00000000e6a80000,0x00000000e6a80000,0x00000000e6e00000)
 ParOldGen       total 84992K, used 32K [0x0000000084c00000, 0x0000000089f00000, 0x00000000d6f00000)
  object space 84992K, 0% used [0x0000000084c00000,0x0000000084c08000,0x0000000089f00000)
 Metaspace       used 8124K, capacity 8310K, committed 8576K, reserved 1056768K
  class space    used 1019K, capacity 1111K, committed 1152K, reserved 1048576K
}
Event: 0.718 GC heap before
{Heap before GC invocations=6 (full 0):
 PSYoungGen      total 132096K, used 128720K [0x00000000d6f00000, 0x00000000e6e00000, 0x0000000100000000)
  eden space 126976K, 100% used [0x00000000d6f00000,0x00000000deb00000,0x00000000deb00000)
  from space 5120K, 34% used [0x00000000deb00000,0x00000000decb4030,0x00000000df000000)
  to   space 3584K, 0% used [0x00000000e6a80000,0x00000000e6a80000,0x00000000e6e00000)
 ParOldGen       total 84992K, used 32K [0x0000000084c00000, 0x0000000089f00000, 0x00000000d6f00000)
  object space 84992K, 0% used [0x0000000084c00000,0x0000000084c08000,0x0000000089f00000)
 Metaspace       used 8124K, capacity 8310K, committed 8576K, reserved 1056768K
  class space    used 1019K, capacity 1111K, committed 1152K, reserved 1048576K
Event: 0.720 GC heap after
Heap after GC invocations=6 (full 0):
 PSYoungGen      total 257536K, used 1760K [0x00000000d6f00000, 0x00000000e6e00000, 0x0000000100000000)
  eden space 253952K, 0% used [0x00000000d6f00000,0x00000000d6f00000,0x00000000e6700000)
  from space 3584K, 49% used [0x00000000e6a80000,0x00000000e6c38060,0x00000000e6e00000)
  to   space 3584K, 0% used [0x00000000e6700000,0x00000000e6700000,0x00000000e6a80000)
 ParOldGen       total 84992K, used 32K [0x0000000084c00000, 0x0000000089f00000, 0x00000000d6f00000)
  object space 84992K, 0% used [0x0000000084c00000,0x0000000084c08000,0x0000000089f00000)
 Metaspace       used 8124K, capacity 8310K, committed 8576K, reserved 1056768K
  class space    used 1019K, capacity 1111K, committed 1152K, reserved 1048576K
}
Event: 0.939 GC heap before
{Heap before GC invocations=7 (full 0):
 PSYoungGen      total 257536K, used 255712K [0x00000000d6f00000, 0x00000000e6e00000, 0x0000000100000000)
  eden space 253952K, 100% used [0x00000000d6f00000,0x00000000e6700000,0x00000000e6700000)
  from space 3584K, 49% used [0x00000000e6a80000,0x00000000e6c38060,0x00000000e6e00000)
  to   space 3584K, 0% used [0x00000000e6700000,0x00000000e6700000,0x00000000e6a80000)
 ParOldGen       total 84992K, used 32K [0x0000000084c00000, 0x0000000089f00000, 0x00000000d6f00000)
  object space 84992K, 0% used [0x0000000084c00000,0x0000000084c08000,0x0000000089f00000)
 Metaspace       used 8124K, capacity 8310K, committed 8576K, reserved 1056768K
  class space    used 1019K, capacity 1111K, committed 1152K, reserved 1048576K

Deoptimization events (5 events):
Event: 0.210 Thread 0x00007f45a800b000 Uncommon trap: reason=unstable_if action=reinterpret pc=0x00007f459919cd30 method=java.lang.String.replace(CC)Ljava/lang/String; @ 26
Event: 0.224 Thread 0x00007f45a800b000 Uncommon trap: reason=null_check action=make_not_entrant pc=0x00007f45991840ac method=java.lang.String.equals(Ljava/lang/Object;)Z @ 8
Event: 0.399 Thread 0x00007f45a838b000 Uncommon trap: reason=unstable_if action=reinterpret pc=0x00007f4599272384 method=PrimeFactorsCalculator.calculatePrimeFactorsOf(Ljava/lang/Long;)Ljava/util/List; @ 42
Event: 0.412 Thread 0x00007f45a838b000 Uncommon trap: reason=unstable_if action=reinterpret pc=0x00007f4599287098 method=PrimeFactorsCalculator.calculatePrimeFactorsOf(Ljava/lang/Long;)Ljava/util/List; @ 28
Event: 0.414 Thread 0x00007f45a838b000 Uncommon trap: reason=unstable_if action=reinterpret pc=0x00007f45992728c8 method=java.lang.Long.valueOf(J)Ljava/lang/Long; @ 13

Classes redefined (0 events):
No events

Internal exceptions (10 events):
Event: 0.224 Thread 0x00007f45a800b000 Implicit null exception at 0x00007f4599183ee2 to 0x00007f459918409d
Event: 0.257 Thread 0x00007f45a800b000 Exception <a 'java/lang/ArrayIndexOutOfBoundsException'> (0x00000000d783e338) thrown at [/build/src/jdk8u-jdk8u162-b01/hotspot/src/share/vm/runtime/sharedRuntime.cpp, line 605]
Event: 0.257 Thread 0x00007f45a800b000 Exception <a 'java/lang/ArrayIndexOutOfBoundsException'> (0x00000000d783f190) thrown at [/build/src/jdk8u-jdk8u162-b01/hotspot/src/share/vm/runtime/sharedRuntime.cpp, line 605]
Event: 0.412 Thread 0x00007f45a838b000 Exception <a 'java/lang/reflect/InvocationTargetException'> (0x00000000d88bdaf0) thrown at [/build/src/jdk8u-jdk8u162-b01/hotspot/src/share/vm/runtime/reflection.cpp, line 1092]
Event: 0.414 Thread 0x00007f45a838b000 Exception <a 'java/lang/reflect/InvocationTargetException'> (0x00000000d88d5410) thrown at [/build/src/jdk8u-jdk8u162-b01/hotspot/src/share/vm/runtime/reflection.cpp, line 1092]
Event: 0.414 Thread 0x00007f45a838b000 Exception <a 'java/lang/reflect/InvocationTargetException'> (0x00000000d88d74a8) thrown at [/build/src/jdk8u-jdk8u162-b01/hotspot/src/share/vm/runtime/reflection.cpp, line 1092]
Event: 0.415 Thread 0x00007f45a838b000 Exception <a 'java/lang/reflect/InvocationTargetException'> (0x00000000d88d8960) thrown at [/build/src/jdk8u-jdk8u162-b01/hotspot/src/share/vm/runtime/reflection.cpp, line 1092]
Event: 0.415 Thread 0x00007f45a838b000 Exception <a 'java/lang/reflect/InvocationTargetException'> (0x00000000d88d9fb0) thrown at [/build/src/jdk8u-jdk8u162-b01/hotspot/src/share/vm/runtime/reflection.cpp, line 1092]
Event: 0.420 Thread 0x00007f45a83d9800 Exception <a 'java/lang/NoSuchMethodError': <clinit>> (0x00000000d7b22308) thrown at [/build/src/jdk8u-jdk8u162-b01/hotspot/src/share/vm/prims/jni.cpp, line 1613]
Event: 0.426 Thread 0x00007f45a83d9800 Exception <a 'java/lang/NoSuchMethodError': <clinit>> (0x00000000d7b592a0) thrown at [/build/src/jdk8u-jdk8u162-b01/hotspot/src/share/vm/prims/jni.cpp, line 1613]

Events (10 events):
Event: 0.456 Executing VM operation: ParallelGCFailedAllocation done
Event: 0.509 Executing VM operation: ParallelGCFailedAllocation
Event: 0.511 Executing VM operation: ParallelGCFailedAllocation done
Event: 0.544 Executing VM operation: ParallelGCFailedAllocation
Event: 0.546 Executing VM operation: ParallelGCFailedAllocation done
Event: 0.647 Executing VM operation: ParallelGCFailedAllocation
Event: 0.650 Executing VM operation: ParallelGCFailedAllocation done
Event: 0.718 Executing VM operation: ParallelGCFailedAllocation
Event: 0.720 Executing VM operation: ParallelGCFailedAllocation done
Event: 0.939 Executing VM operation: ParallelGCFailedAllocation


Dynamic libraries:
84c00000-89f00000 rw-p 00000000 00:00 0 
89f00000-d6f00000 ---p 00000000 00:00 0 
d6f00000-e6e00000 rw-p 00000000 00:00 0 
f6600000-100000000 ---p 00000000 00:00 0 
100000000-100120000 rw-p 00000000 00:00 0 
100120000-140000000 ---p 00000000 00:00 0 
55f0cec99000-55f0cec9a000 r-xp 00000000 08:05 1327731                    /usr/lib/jvm/java-8-openjdk/jre/bin/java
55f0cee99000-55f0cee9a000 r--p 00000000 08:05 1327731                    /usr/lib/jvm/java-8-openjdk/jre/bin/java
55f0cee9a000-55f0cee9b000 rw-p 00001000 08:05 1327731                    /usr/lib/jvm/java-8-openjdk/jre/bin/java
55f0cf138000-55f0cf159000 rw-p 00000000 00:00 0                          [heap]
7f454c000000-7f454c06e000 rw-p 00000000 00:00 0 
7f454c06e000-7f4550000000 ---p 00000000 00:00 0 
7f4554000000-7f4554044000 rw-p 00000000 00:00 0 
7f4554044000-7f4558000000 ---p 00000000 00:00 0 
7f4558000000-7f4558021000 rw-p 00000000 00:00 0 
7f4558021000-7f455c000000 ---p 00000000 00:00 0 
7f455c000000-7f455c021000 rw-p 00000000 00:00 0 
7f455c021000-7f4560000000 ---p 00000000 00:00 0 
7f4560000000-7f4560021000 rw-p 00000000 00:00 0 
7f4560021000-7f4564000000 ---p 00000000 00:00 0 
7f4564000000-7f4564218000 rw-p 00000000 00:00 0 
7f4564218000-7f4568000000 ---p 00000000 00:00 0 
7f4568000000-7f45682b6000 rw-p 00000000 00:00 0 
7f45682b6000-7f456c000000 ---p 00000000 00:00 0 
7f456c000000-7f456c021000 rw-p 00000000 00:00 0 
7f456c021000-7f4570000000 ---p 00000000 00:00 0 
7f4570000000-7f4570246000 rw-p 00000000 00:00 0 
7f4570246000-7f4574000000 ---p 00000000 00:00 0 
7f4574000000-7f4574021000 rw-p 00000000 00:00 0 
7f4574021000-7f4578000000 ---p 00000000 00:00 0 
7f4578000000-7f4578021000 rw-p 00000000 00:00 0 
7f4578021000-7f457c000000 ---p 00000000 00:00 0 
7f457c000000-7f457c021000 rw-p 00000000 00:00 0 
7f457c021000-7f4580000000 ---p 00000000 00:00 0 
7f4580000000-7f4580021000 rw-p 00000000 00:00 0 
7f4580021000-7f4584000000 ---p 00000000 00:00 0 
7f4584000000-7f4584021000 rw-p 00000000 00:00 0 
7f4584021000-7f4588000000 ---p 00000000 00:00 0 
7f4589921000-7f4589924000 ---p 00000000 00:00 0 
7f4589924000-7f4589a22000 rw-p 00000000 00:00 0 
7f4589a22000-7f4589a25000 ---p 00000000 00:00 0 
7f4589a25000-7f4589b23000 rw-p 00000000 00:00 0 
7f4589b23000-7f4589b26000 ---p 00000000 00:00 0 
7f4589b26000-7f4589c24000 rw-p 00000000 00:00 0 
7f4589c24000-7f4589c35000 r-xp 00000000 08:05 1320728                    /usr/lib/jvm/java-8-openjdk/jre/lib/amd64/libnio.so
7f4589c35000-7f4589e35000 ---p 00011000 08:05 1320728                    /usr/lib/jvm/java-8-openjdk/jre/lib/amd64/libnio.so
7f4589e35000-7f4589e36000 r--p 00011000 08:05 1320728                    /usr/lib/jvm/java-8-openjdk/jre/lib/amd64/libnio.so
7f4589e36000-7f4589e37000 rw-p 00012000 08:05 1320728                    /usr/lib/jvm/java-8-openjdk/jre/lib/amd64/libnio.so
7f4589e37000-7f4589e4e000 r-xp 00000000 08:05 1319833                    /usr/lib/jvm/java-8-openjdk/jre/lib/amd64/libnet.so
7f4589e4e000-7f458a04d000 ---p 00017000 08:05 1319833                    /usr/lib/jvm/java-8-openjdk/jre/lib/amd64/libnet.so
7f458a04d000-7f458a04e000 r--p 00016000 08:05 1319833                    /usr/lib/jvm/java-8-openjdk/jre/lib/amd64/libnet.so
7f458a04e000-7f458a04f000 rw-p 00017000 08:05 1319833                    /usr/lib/jvm/java-8-openjdk/jre/lib/amd64/libnet.so
7f458a04f000-7f458a050000 ---p 00000000 00:00 0 
7f458a050000-7f458a150000 rw-p 00000000 00:00 0 
7f458a150000-7f458a153000 ---p 00000000 00:00 0 
7f458a153000-7f458a251000 rw-p 00000000 00:00 0 
7f458a251000-7f458a252000 ---p 00000000 00:00 0 
7f458a252000-7f458a255000 ---p 00000000 00:00 0 
7f458a255000-7f458a352000 rw-p 00000000 00:00 0 
7f458a352000-7f458a353000 ---p 00000000 00:00 0 
7f458a353000-7f458a356000 ---p 00000000 00:00 0 
7f458a356000-7f458a453000 rw-p 00000000 00:00 0 
7f458a453000-7f458a454000 ---p 00000000 00:00 0 
7f458a454000-7f458a457000 ---p 00000000 00:00 0 
7f458a457000-7f458a554000 rw-p 00000000 00:00 0 
7f458a554000-7f458a557000 ---p 00000000 00:00 0 
7f458a557000-7f458a655000 rw-p 00000000 00:00 0 
7f458a655000-7f458a7f0000 r--p 00000000 08:05 664635                     /usr/lib/locale/locale-archive
7f458a7f0000-7f458a7f3000 ---p 00000000 00:00 0 
7f458a7f3000-7f458a8f1000 rw-p 00000000 00:00 0 
7f458a8f1000-7f458a8f4000 ---p 00000000 00:00 0 
7f458a8f4000-7f458a9f2000 rw-p 00000000 00:00 0 
7f458a9f2000-7f458a9f3000 ---p 00000000 00:00 0 
7f458a9f3000-7f458bf40000 rw-p 00000000 00:00 0 
7f458bf40000-7f458c000000 ---p 00000000 00:00 0 
7f458c000000-7f458c021000 rw-p 00000000 00:00 0 
7f458c021000-7f4590000000 ---p 00000000 00:00 0 
7f4590011000-7f4590016000 r--s 0009a000 08:05 1318900                    /usr/lib/jvm/java-8-openjdk/jre/lib/jsse.jar
7f4590016000-7f4590047000 rw-p 00000000 00:00 0 
7f4590047000-7f459004f000 r--s 00045000 08:05 1219565                    /usr/share/java/gradle/lib/plugins/junit-4.12.jar
7f459004f000-7f4590054000 r--s 00041000 08:05 1219489                    /usr/share/java/gradle/lib/commons-lang-2.6.jar
7f4590054000-7f4590058000 r--s 00026000 08:05 1219452                    /usr/share/java/gradle/lib/kryo-2.20.jar
7f4590058000-7f459005c000 r--s 00012000 08:05 1219481                    /usr/share/java/gradle/lib/native-platform-0.14.jar
7f459005c000-7f459005e000 r--s 00000000 08:05 1219482                    /usr/share/java/gradle/lib/jul-to-slf4j-1.7.10.jar
7f459005e000-7f4594000000 rw-p 00000000 00:00 0 
7f4594000000-7f4594021000 rw-p 00000000 00:00 0 
7f4594021000-7f4598000000 ---p 00000000 00:00 0 
7f4598001000-7f4598003000 r--s 00006000 08:05 1219433                    /usr/share/java/gradle/lib/gradle-process-services-4.5.1.jar
7f4598003000-7f4598007000 r--s 00019000 08:05 1219586                    /usr/share/java/gradle/lib/plugins/gradle-testing-jvm-4.5.1.jar
7f4598007000-7f459800f000 r--s 00030000 08:05 1219536                    /usr/share/java/gradle/lib/plugins/gradle-testing-base-4.5.1.jar
7f459800f000-7f4598012000 r--s 0000c000 08:05 1219430                    /usr/share/java/gradle/lib/gradle-native-4.5.1.jar
7f4598012000-7f4598014000 r--s 00005000 08:05 1219480                    /usr/share/java/gradle/lib/gradle-cli-4.5.1.jar
7f4598014000-7f4598020000 r--s 00059000 08:05 1219479                    /usr/share/java/gradle/lib/gradle-base-services-4.5.1.jar
7f4598020000-7f4598026000 r--s 0002b000 08:05 1219475                    /usr/share/java/gradle/lib/gradle-messaging-4.5.1.jar
7f4598026000-7f459802d000 r--s 00030000 08:05 1219439                    /usr/share/java/gradle/lib/gradle-logging-4.5.1.jar
7f459802d000-7f459806a000 r--s 00211000 08:05 1219437                    /usr/share/java/gradle/lib/gradle-core-4.5.1.jar
7f459806a000-7f4598076000 r--s 00034000 08:05 1219490                    /usr/share/java/gradle/lib/gradle-core-api-4.5.1.jar
7f4598076000-7f459807e000 r--s 00045000 08:05 1990428                    /home/seth/.gradle/caches/modules-2/files-2.1/junit/junit/4.12/2973d150c0dc1fefe998f834810d68f278ea58ec/junit-4.12.jar
7f459807e000-7f4598084000 r--s 0005a000 08:05 1313355                    /usr/lib/jvm/java-8-openjdk/jre/lib/ext/jsoup-1.11.2.jar
7f4598084000-7f45980e7000 rw-p 00000000 00:00 0 
7f45980e7000-7f45982b6000 r--s 03c1c000 08:05 1318908                    /usr/lib/jvm/java-8-openjdk/jre/lib/rt.jar
7f45982b6000-7f4598690000 rw-p 00000000 00:00 0 
7f4598690000-7f4598691000 ---p 00000000 00:00 0 
7f4598691000-7f4598791000 rw-p 00000000 00:00 0 
7f4598791000-7f4598792000 ---p 00000000 00:00 0 
7f4598792000-7f4598892000 rw-p 00000000 00:00 0 
7f4598892000-7f4598893000 ---p 00000000 00:00 0 
7f4598893000-7f45989bd000 rw-p 00000000 00:00 0 
7f45989bd000-7f4598c25000 ---p 00000000 00:00 0 
7f4598c25000-7f4598c4f000 rw-p 00000000 00:00 0 
7f4598c4f000-7f4598eb6000 ---p 00000000 00:00 0 
7f4598eb6000-7f4598f36000 rw-p 00000000 00:00 0 
7f4598f36000-7f4598fff000 ---p 00000000 00:00 0 
7f4598fff000-7f4599000000 rw-p 00000000 00:00 0 
7f4599000000-7f45992b0000 rwxp 00000000 00:00 0 
7f45992b0000-7f45a8000000 ---p 00000000 00:00 0 
7f45a8000000-7f45a8411000 rw-p 00000000 00:00 0 
7f45a8411000-7f45ac000000 ---p 00000000 00:00 0 
7f45ac001000-7f45ac006000 r--s 00659000 08:05 1313356                    /usr/lib/jvm/java-8-openjdk/jre/lib/ext/sqlite-jdbc-3.21.0.jar
7f45ac006000-7f45ac0ca000 rw-p 00000000 00:00 0 
7f45ac0ca000-7f45ac0cb000 ---p 00000000 00:00 0 
7f45ac0cb000-7f45ac1d6000 rw-p 00000000 00:00 0 
7f45ac1d6000-7f45ac58b000 ---p 00000000 00:00 0 
7f45ac58b000-7f45ac593000 r-xp 00000000 08:05 1319695                    /usr/lib/jvm/java-8-openjdk/jre/lib/amd64/libzip.so
7f45ac593000-7f45ac792000 ---p 00008000 08:05 1319695                    /usr/lib/jvm/java-8-openjdk/jre/lib/amd64/libzip.so
7f45ac792000-7f45ac793000 r--p 00007000 08:05 1319695                    /usr/lib/jvm/java-8-openjdk/jre/lib/amd64/libzip.so
7f45ac793000-7f45ac794000 rw-p 00008000 08:05 1319695                    /usr/lib/jvm/java-8-openjdk/jre/lib/amd64/libzip.so
7f45ac794000-7f45ac79f000 r-xp 00000000 08:05 656760                     /usr/lib/libnss_files-2.26.so
7f45ac79f000-7f45ac99e000 ---p 0000b000 08:05 656760                     /usr/lib/libnss_files-2.26.so
7f45ac99e000-7f45ac99f000 r--p 0000a000 08:05 656760                     /usr/lib/libnss_files-2.26.so
7f45ac99f000-7f45ac9a0000 rw-p 0000b000 08:05 656760                     /usr/lib/libnss_files-2.26.so
7f45ac9a0000-7f45ac9a6000 rw-p 00000000 00:00 0 
7f45ac9a6000-7f45ac9b1000 r-xp 00000000 08:05 656744                     /usr/lib/libnss_nis-2.26.so
7f45ac9b1000-7f45acbb0000 ---p 0000b000 08:05 656744                     /usr/lib/libnss_nis-2.26.so
7f45acbb0000-7f45acbb1000 r--p 0000a000 08:05 656744                     /usr/lib/libnss_nis-2.26.so
7f45acbb1000-7f45acbb2000 rw-p 0000b000 08:05 656744                     /usr/lib/libnss_nis-2.26.so
7f45acbb2000-7f45acbc6000 r-xp 00000000 08:05 656557                     /usr/lib/libnsl-2.26.so
7f45acbc6000-7f45acdc6000 ---p 00014000 08:05 656557                     /usr/lib/libnsl-2.26.so
7f45acdc6000-7f45acdc7000 r--p 00014000 08:05 656557                     /usr/lib/libnsl-2.26.so
7f45acdc7000-7f45acdc8000 rw-p 00015000 08:05 656557                     /usr/lib/libnsl-2.26.so
7f45acdc8000-7f45acdca000 rw-p 00000000 00:00 0 
7f45acdca000-7f45acdd1000 r-xp 00000000 08:05 656816                     /usr/lib/libnss_compat-2.26.so
7f45acdd1000-7f45acfd0000 ---p 00007000 08:05 656816                     /usr/lib/libnss_compat-2.26.so
7f45acfd0000-7f45acfd1000 r--p 00006000 08:05 656816                     /usr/lib/libnss_compat-2.26.so
7f45acfd1000-7f45acfd2000 rw-p 00007000 08:05 656816                     /usr/lib/libnss_compat-2.26.so
7f45acfd2000-7f45ad000000 r-xp 00000000 08:05 1319692                    /usr/lib/jvm/java-8-openjdk/jre/lib/amd64/libjava.so
7f45ad000000-7f45ad1ff000 ---p 0002e000 08:05 1319692                    /usr/lib/jvm/java-8-openjdk/jre/lib/amd64/libjava.so
7f45ad1ff000-7f45ad200000 r--p 0002d000 08:05 1319692                    /usr/lib/jvm/java-8-openjdk/jre/lib/amd64/libjava.so
7f45ad200000-7f45ad202000 rw-p 0002e000 08:05 1319692                    /usr/lib/jvm/java-8-openjdk/jre/lib/amd64/libjava.so
7f45ad202000-7f45ad20f000 r-xp 00000000 08:05 1319682                    /usr/lib/jvm/java-8-openjdk/jre/lib/amd64/libverify.so
7f45ad20f000-7f45ad40e000 ---p 0000d000 08:05 1319682                    /usr/lib/jvm/java-8-openjdk/jre/lib/amd64/libverify.so
7f45ad40e000-7f45ad410000 r--p 0000c000 08:05 1319682                    /usr/lib/jvm/java-8-openjdk/jre/lib/amd64/libverify.so
7f45ad410000-7f45ad411000 rw-p 0000e000 08:05 1319682                    /usr/lib/jvm/java-8-openjdk/jre/lib/amd64/libverify.so
7f45ad411000-7f45ad418000 r-xp 00000000 08:05 656334                     /usr/lib/librt-2.26.so
7f45ad418000-7f45ad617000 ---p 00007000 08:05 656334                     /usr/lib/librt-2.26.so
7f45ad617000-7f45ad618000 r--p 00006000 08:05 656334                     /usr/lib/librt-2.26.so
7f45ad618000-7f45ad619000 rw-p 00007000 08:05 656334                     /usr/lib/librt-2.26.so
7f45ad619000-7f45ad764000 r-xp 00000000 08:05 656561                     /usr/lib/libm-2.26.so
7f45ad764000-7f45ad963000 ---p 0014b000 08:05 656561                     /usr/lib/libm-2.26.so
7f45ad963000-7f45ad964000 r--p 0014a000 08:05 656561                     /usr/lib/libm-2.26.so
7f45ad964000-7f45ad965000 rw-p 0014b000 08:05 656561                     /usr/lib/libm-2.26.so
7f45ad965000-7f45ae606000 r-xp 00000000 08:05 1324238                    /usr/lib/jvm/java-8-openjdk/jre/lib/amd64/server/libjvm.so
7f45ae606000-7f45ae806000 ---p 00ca1000 08:05 1324238                    /usr/lib/jvm/java-8-openjdk/jre/lib/amd64/server/libjvm.so
7f45ae806000-7f45ae89a000 r--p 00ca1000 08:05 1324238                    /usr/lib/jvm/java-8-openjdk/jre/lib/amd64/server/libjvm.so
7f45ae89a000-7f45ae8c2000 rw-p 00d35000 08:05 1324238                    /usr/lib/jvm/java-8-openjdk/jre/lib/amd64/server/libjvm.so
7f45ae8c2000-7f45ae8f3000 rw-p 00000000 00:00 0 
7f45ae8f3000-7f45aeaa1000 r-xp 00000000 08:05 656982                     /usr/lib/libc-2.26.so
7f45aeaa1000-7f45aeca0000 ---p 001ae000 08:05 656982                     /usr/lib/libc-2.26.so
7f45aeca0000-7f45aeca4000 r--p 001ad000 08:05 656982                     /usr/lib/libc-2.26.so
7f45aeca4000-7f45aeca6000 rw-p 001b1000 08:05 656982                     /usr/lib/libc-2.26.so
7f45aeca6000-7f45aecaa000 rw-p 00000000 00:00 0 
7f45aecaa000-7f45aecad000 r-xp 00000000 08:05 656563                     /usr/lib/libdl-2.26.so
7f45aecad000-7f45aeeac000 ---p 00003000 08:05 656563                     /usr/lib/libdl-2.26.so
7f45aeeac000-7f45aeead000 r--p 00002000 08:05 656563                     /usr/lib/libdl-2.26.so
7f45aeead000-7f45aeeae000 rw-p 00003000 08:05 656563                     /usr/lib/libdl-2.26.so
7f45aeeae000-7f45aeebc000 r-xp 00000000 08:05 1324233                    /usr/lib/jvm/java-8-openjdk/jre/lib/amd64/jli/libjli.so
7f45aeebc000-7f45af0bb000 ---p 0000e000 08:05 1324233                    /usr/lib/jvm/java-8-openjdk/jre/lib/amd64/jli/libjli.so
7f45af0bb000-7f45af0bc000 r--p 0000d000 08:05 1324233                    /usr/lib/jvm/java-8-openjdk/jre/lib/amd64/jli/libjli.so
7f45af0bc000-7f45af0bd000 rw-p 0000e000 08:05 1324233                    /usr/lib/jvm/java-8-openjdk/jre/lib/amd64/jli/libjli.so
7f45af0bd000-7f45af0d3000 r-xp 00000000 08:05 661332                     /usr/lib/libz.so.1.2.11
7f45af0d3000-7f45af2d2000 ---p 00016000 08:05 661332                     /usr/lib/libz.so.1.2.11
7f45af2d2000-7f45af2d3000 r--p 00015000 08:05 661332                     /usr/lib/libz.so.1.2.11
7f45af2d3000-7f45af2d4000 rw-p 00016000 08:05 661332                     /usr/lib/libz.so.1.2.11
7f45af2d4000-7f45af2ed000 r-xp 00000000 08:05 657031                     /usr/lib/libpthread-2.26.so
7f45af2ed000-7f45af4ec000 ---p 00019000 08:05 657031                     /usr/lib/libpthread-2.26.so
7f45af4ec000-7f45af4ed000 r--p 00018000 08:05 657031                     /usr/lib/libpthread-2.26.so
7f45af4ed000-7f45af4ee000 rw-p 00019000 08:05 657031                     /usr/lib/libpthread-2.26.so
7f45af4ee000-7f45af4f2000 rw-p 00000000 00:00 0 
7f45af4f2000-7f45af517000 r-xp 00000000 08:05 656983                     /usr/lib/ld-2.26.so
7f45af517000-7f45af5e2000 rw-p 00000000 00:00 0 
7f45af5e2000-7f45af5e3000 ---p 00000000 00:00 0 
7f45af5e3000-7f45af5e6000 ---p 00000000 00:00 0 
7f45af5e6000-7f45af6e7000 rw-p 00000000 00:00 0 
7f45af6e7000-7f45af6e8000 r--s 00007000 08:05 1219463                    /usr/share/java/gradle/lib/slf4j-api-1.7.10.jar
7f45af6e8000-7f45af6ea000 r--s 00009000 08:05 1990426                    /home/seth/.gradle/caches/modules-2/files-2.1/org.hamcrest/hamcrest-core/1.3/42a25dc3219429f0e5d060061f71acb49bf010a0/hamcrest-core-1.3.jar
7f45af6ea000-7f45af6eb000 r--s 00006000 08:05 2229259                    /home/seth/.gradle/caches/4.5.1/workerMain/gradle-worker.jar
7f45af6eb000-7f45af70c000 rw-p 00000000 00:00 0 
7f45af70c000-7f45af714000 rw-s 00000000 00:28 130327                     /tmp/hsperfdata_seth/11867
7f45af714000-7f45af715000 rw-p 00000000 00:00 0 
7f45af715000-7f45af716000 ---p 00000000 00:00 0 
7f45af716000-7f45af717000 r--p 00024000 08:05 656983                     /usr/lib/ld-2.26.so
7f45af717000-7f45af718000 rw-p 00025000 08:05 656983                     /usr/lib/ld-2.26.so
7f45af718000-7f45af719000 rw-p 00000000 00:00 0 
7ffe18642000-7ffe18663000 rw-p 00000000 00:00 0                          [stack]
7ffe187f7000-7ffe187fa000 r--p 00000000 00:00 0                          [vvar]
7ffe187fa000-7ffe187fc000 r-xp 00000000 00:00 0                          [vdso]
ffffffffff600000-ffffffffff601000 r-xp 00000000 00:00 0                  [vsyscall]

VM Arguments:
jvm_args: -Djava.security.manager=worker.org.gradle.process.internal.worker.child.BootstrapSecurityManager -Dorg.gradle.native=false -Dfile.encoding=UTF-8 -Duser.country=US -Duser.language=en -Duser.variant -ea 
java_command: worker.org.gradle.process.internal.worker.GradleWorkerMain 'Gradle Test Executor 4'
java_class_path (initial): /home/seth/.gradle/caches/4.5.1/workerMain/gradle-worker.jar
Launcher Type: SUN_STANDARD

Environment Variables:
PATH=/usr/local/sbin:/usr/local/bin:/usr/bin:/usr/lib/jvm/default/bin:/usr/bin/site_perl:/usr/bin/vendor_perl:/usr/bin/core_perl
SHELL=/bin/bash
DISPLAY=:0.0

Signal Handlers:
SIGSEGV: [libjvm.so+0xaa8ba0], sa_mask[0]=11111111011111111101111111111110, sa_flags=SA_RESTART|SA_SIGINFO
SIGBUS: [libjvm.so+0xaa8ba0], sa_mask[0]=11111111011111111101111111111110, sa_flags=SA_RESTART|SA_SIGINFO
SIGFPE: [libjvm.so+0x8df960], sa_mask[0]=11111111011111111101111111111110, sa_flags=SA_RESTART|SA_SIGINFO
SIGPIPE: [libjvm.so+0x8df960], sa_mask[0]=11111111011111111101111111111110, sa_flags=SA_RESTART|SA_SIGINFO
SIGXFSZ: [libjvm.so+0x8df960], sa_mask[0]=11111111011111111101111111111110, sa_flags=SA_RESTART|SA_SIGINFO
SIGILL: [libjvm.so+0x8df960], sa_mask[0]=11111111011111111101111111111110, sa_flags=SA_RESTART|SA_SIGINFO
SIGUSR1: SIG_DFL, sa_mask[0]=00000000000000000000000000000000, sa_flags=none
SIGUSR2: [libjvm.so+0x8df810], sa_mask[0]=00100000000000000000000000000000, sa_flags=SA_RESTART|SA_SIGINFO
SIGHUP: [libjvm.so+0x8dfcc0], sa_mask[0]=11111111011111111101111111111110, sa_flags=SA_RESTART|SA_SIGINFO
SIGINT: [libjvm.so+0x8dfcc0], sa_mask[0]=11111111011111111101111111111110, sa_flags=SA_RESTART|SA_SIGINFO
SIGTERM: [libjvm.so+0x8dfcc0], sa_mask[0]=11111111011111111101111111111110, sa_flags=SA_RESTART|SA_SIGINFO
SIGQUIT: [libjvm.so+0x8dfcc0], sa_mask[0]=11111111011111111101111111111110, sa_flags=SA_RESTART|SA_SIGINFO


---------------  S Y S T E M  ---------------

OS:DISTRIB_ID=ManjaroLinux
DISTRIB_RELEASE=17.1.5
DISTRIB_CODENAME=Hakoila
DISTRIB_DESCRIPTION="Manjaro Linux"

uname:Linux 4.14.19-1-MANJARO #1 SMP PREEMPT Tue Feb 13 16:36:24 UTC 2018 x86_64
libc:glibc 2.26 NPTL 2.26 
rlimit: STACK 8192k, CORE infinity, NPROC 31493, NOFILE 4096, AS infinity
load average:3.49 3.42 3.18

/proc/meminfo:
MemTotal:        8075464 kB
MemFree:          102072 kB
MemAvailable:     109460 kB
Buffers:             428 kB
Cached:           470896 kB
SwapCached:            0 kB
Active:          6274560 kB
Inactive:         341708 kB
Active(anon):    6173112 kB
Inactive(anon):   240208 kB
Active(file):     101448 kB
Inactive(file):   101500 kB
Unevictable:          64 kB
Mlocked:              64 kB
SwapTotal:             0 kB
SwapFree:              0 kB
Dirty:             80672 kB
Writeback:          1028 kB
AnonPages:       6115264 kB
Mapped:          1342864 kB
Shmem:            269168 kB
Slab:             107768 kB
SReclaimable:      49588 kB
SUnreclaim:        58180 kB
KernelStack:       11584 kB
PageTables:        47840 kB
NFS_Unstable:          0 kB
Bounce:                0 kB
WritebackTmp:          0 kB
CommitLimit:     4037732 kB
Committed_AS:   12171080 kB
VmallocTotal:   34359738367 kB
VmallocUsed:           0 kB
VmallocChunk:          0 kB
HardwareCorrupted:     0 kB
AnonHugePages:   1773568 kB
ShmemHugePages:        0 kB
ShmemPmdMapped:        0 kB
HugePages_Total:       0
HugePages_Free:        0
HugePages_Rsvd:        0
HugePages_Surp:        0
Hugepagesize:       2048 kB
DirectMap4k:      304728 kB
DirectMap2M:     7987200 kB
DirectMap1G:           0 kB


CPU:total 4 (initial active 4) (2 cores per cpu, 2 threads per core) family 6 model 60 stepping 3, cmov, cx8, fxsr, mmx, sse, sse2, sse3, ssse3, sse4.1, sse4.2, popcnt, avx, avx2, aes, clmul, erms, lzcnt, ht, tsc, tscinvbit, bmi1, bmi2

/proc/cpuinfo:
processor	: 0
vendor_id	: GenuineIntel
cpu family	: 6
model		: 60
model name	: Intel(R) Core(TM) i7-4600M CPU @ 2.90GHz
stepping	: 3
microcode	: 0x23
cpu MHz		: 3490.172
cache size	: 4096 KB
physical id	: 0
siblings	: 4
core id		: 0
cpu cores	: 2
apicid		: 0
initial apicid	: 0
fpu		: yes
fpu_exception	: yes
cpuid level	: 13
wp		: yes
flags		: fpu vme de pse tsc msr pae mce cx8 apic sep mtrr pge mca cmov pat pse36 clflush dts acpi mmx fxsr sse sse2 ss ht tm pbe syscall nx pdpe1gb rdtscp lm constant_tsc arch_perfmon pebs bts rep_good nopl xtopology nonstop_tsc cpuid aperfmperf pni pclmulqdq dtes64 monitor ds_cpl vmx smx est tm2 ssse3 sdbg fma cx16 xtpr pdcm pcid sse4_1 sse4_2 x2apic movbe popcnt tsc_deadline_timer aes xsave avx f16c rdrand lahf_lm abm cpuid_fault epb invpcid_single pti tpr_shadow vnmi flexpriority ept vpid fsgsbase tsc_adjust bmi1 avx2 smep bmi2 erms invpcid xsaveopt dtherm ida arat pln pts
bugs		: cpu_meltdown spectre_v1 spectre_v2
bogomips	: 5788.59
clflush size	: 64
cache_alignment	: 64
address sizes	: 39 bits physical, 48 bits virtual
power management:

processor	: 1
vendor_id	: GenuineIntel
cpu family	: 6
model		: 60
model name	: Intel(R) Core(TM) i7-4600M CPU @ 2.90GHz
stepping	: 3
microcode	: 0x23
cpu MHz		: 3559.801
cache size	: 4096 KB
physical id	: 0
siblings	: 4
core id		: 1
cpu cores	: 2
apicid		: 2
initial apicid	: 2
fpu		: yes
fpu_exception	: yes
cpuid level	: 13
wp		: yes
flags		: fpu vme de pse tsc msr pae mce cx8 apic sep mtrr pge mca cmov pat pse36 clflush dts acpi mmx fxsr sse sse2 ss ht tm pbe syscall nx pdpe1gb rdtscp lm constant_tsc arch_perfmon pebs bts rep_good nopl xtopology nonstop_tsc cpuid aperfmperf pni pclmulqdq dtes64 monitor ds_cpl vmx smx est tm2 ssse3 sdbg fma cx16 xtpr pdcm pcid sse4_1 sse4_2 x2apic movbe popcnt tsc_deadline_timer aes xsave avx f16c rdrand lahf_lm abm cpuid_fault epb invpcid_single pti tpr_shadow vnmi flexpriority ept vpid fsgsbase tsc_adjust bmi1 avx2 smep bmi2 erms invpcid xsaveopt dtherm ida arat pln pts
bugs		: cpu_meltdown spectre_v1 spectre_v2
bogomips	: 5788.59
clflush size	: 64
cache_alignment	: 64
address sizes	: 39 bits physical, 48 bits virtual
power management:

processor	: 2
vendor_id	: GenuineIntel
cpu family	: 6
model		: 60
model name	: Intel(R) Core(TM) i7-4600M CPU @ 2.90GHz
stepping	: 3
microcode	: 0x23
cpu MHz		: 3343.226
cache size	: 4096 KB
physical id	: 0
siblings	: 4
core id		: 0
cpu cores	: 2
apicid		: 1
initial apicid	: 1
fpu		: yes
fpu_exception	: yes
cpuid level	: 13
wp		: yes
flags		: fpu vme de pse tsc msr pae mce cx8 apic sep mtrr pge mca cmov pat pse36 clflush dts acpi mmx fxsr sse sse2 ss ht tm pbe syscall nx pdpe1gb rdtscp lm constant_tsc arch_perfmon pebs bts rep_good nopl xtopology nonstop_tsc cpuid aperfmperf pni pclmulqdq dtes64 monitor ds_cpl vmx smx est tm2 ssse3 sdbg fma cx16 xtpr pdcm pcid sse4_1 sse4_2 x2apic movbe popcnt tsc_deadline_timer aes xsave avx f16c rdrand lahf_lm abm cpuid_fault epb invpcid_single pti tpr_shadow vnmi flexpriority ept vpid fsgsbase tsc_adjust bmi1 avx2 smep bmi2 erms invpcid xsaveopt dtherm ida arat pln pts
bugs		: cpu_meltdown spectre_v1 spectre_v2
bogomips	: 5788.59
clflush size	: 64
cache_alignment	: 64
address sizes	: 39 bits physical, 48 bits virtual
power management:

processor	: 3
vendor_id	: GenuineIntel
cpu family	: 6
model		: 60
model name	: Intel(R) Core(TM) i7-4600M CPU @ 2.90GHz
stepping	: 3
microcode	: 0x23
cpu MHz		: 3323.945
cache size	: 4096 KB
physical id	: 0
siblings	: 4
core id		: 1
cpu cores	: 2
apicid		: 3
initial apicid	: 3
fpu		: yes
fpu_exception	: yes
cpuid level	: 13
wp		: yes
flags		: fpu vme de pse tsc msr pae mce cx8 apic sep mtrr pge mca cmov pat pse36 clflush dts acpi mmx fxsr sse sse2 ss ht tm pbe syscall nx pdpe1gb rdtscp lm constant_tsc arch_perfmon pebs bts rep_good nopl xtopology nonstop_tsc cpuid aperfmperf pni pclmulqdq dtes64 monitor ds_cpl vmx smx est tm2 ssse3 sdbg fma cx16 xtpr pdcm pcid sse4_1 sse4_2 x2apic movbe popcnt tsc_deadline_timer aes xsave avx f16c rdrand lahf_lm abm cpuid_fault epb invpcid_single pti tpr_shadow vnmi flexpriority ept vpid fsgsbase tsc_adjust bmi1 avx2 smep bmi2 erms invpcid xsaveopt dtherm ida arat pln pts
bugs		: cpu_meltdown spectre_v1 spectre_v2
bogomips	: 5788.59
clflush size	: 64
cache_alignment	: 64
address sizes	: 39 bits physical, 48 bits virtual
power management:



Memory: 4k page, physical 8075464k(102260k free), swap 0k(0k free)

vm_info: OpenJDK 64-Bit Server VM (25.162-b01) for linux-amd64 JRE (1.8.0_162-b01), built on Feb 15 2018 01:35:40 by "builder" with gcc 7.2.1 20180116

time: Sat Feb 17 18:21:07 2018
elapsed time: 0 seconds (0d 0h 0m 0s)

